<?xml version="1.0" encoding="UTF-8"?>
<!-- Generated by org.testng.reporters.JUnitXMLReporter -->
<testsuite hostname="DESKTOP-NR3C8QD" ignored="0" name="Default test" tests="3" failures="0" timestamp="2021-12-01T11:27:45 IST" time="6.372" errors="0">
  <testcase name="createBoard" time="4.318" classname="Restassured.Trello_Testing"/>
  <testcase name="getBoard" time="0.916" classname="Restassured.Trello_Testing"/>
  <testcase name="deleteBoard" time="1.078" classname="Restassured.Trello_Testing"/>
</testsuite> <!-- Default test -->
