<?xml version="1.0" encoding="UTF-8"?>
<!-- Generated by org.testng.reporters.JUnitXMLReporter -->
<testsuite hostname="DESKTOP-NR3C8QD" ignored="1" name="Test" tests="6" failures="0" timestamp="2021-12-01T11:47:44 IST" time="14.665" errors="0">
  <testcase name="createBoard" time="3.851" classname="Restassured.Trello_Testing"/>
  <testcase name="getBoard" time="0.906" classname="Restassured.Trello_Testing"/>
  <testcase name="deleteBoard" time="0.979" classname="Restassured.Trello_Testing"/>
  <testcase name="login" time="4.043" classname="Restassured.E_commerce"/>
  <testcase name="getusers" time="3.074" classname="Restassured.E_commerce"/>
  <testcase name="delete" time="1.74" classname="Restassured.E_commerce"/>
  <testcase name="signup" time="0.0" classname="Restassured.E_commerce">
    <ignored/>
  </testcase> <!-- signup -->
</testsuite> <!-- Test -->
