<?xml version="1.0" encoding="UTF-8"?>
<!-- Generated by org.testng.reporters.JUnitXMLReporter -->
<testsuite hostname="DESKTOP-NR3C8QD" name="Test" tests="6" failures="0" timestamp="1 Dec 2021 06:42:14 GMT" time="15.315" errors="0">
  <testcase name="createBoard" time="3.388" classname="Restassured.Trello_Testing"/>
  <testcase name="getBoard" time="0.897" classname="Restassured.Trello_Testing"/>
  <testcase name="login" time="4.998" classname="Restassured.E_commerce"/>
  <testcase name="deleteBoard" time="1.091" classname="Restassured.Trello_Testing"/>
  <testcase name="getusers" time="3.124" classname="Restassured.E_commerce"/>
  <testcase name="delete" time="1.798" classname="Restassured.E_commerce"/>
</testsuite> <!-- Test -->
