<?xml version="1.0" encoding="UTF-8"?>
<testsuite xmlns:xsi="http://www.w3.org/2001/XMLSchema-instance" xsi:noNamespaceSchemaLocation="https://maven.apache.org/surefire/maven-surefire-plugin/xsd/surefire-test-report-3.0.xsd" version="3.0" name="TestSuite" time="16.753" tests="6" errors="0" skipped="0" failures="0">
  <properties>
[...]
</properties>
  <testcase name="createBoard" classname="Restassured.Trello_Testing" time="3.392">
    <system-out><![CDATA[[TestNGContentHandler] [WARN] It is strongly recommended to add "<!DOCTYPE suite SYSTEM "http://testng.org/testng-1.0.dtd" >" at the top of your file, otherwise TestNG may fail or not work as expected.
{"id":"61a7193bdfc5b271b9f250b8","name":"new_Board23","desc":"","descData":null,"closed":false,"idOrganization":"619e0439fa224b0a196dc3f8","idEnterprise":null,"pinned":false,"url":"https://trello.com/b/qyK4c2RQ/newboard23","shortUrl":"https://trello.com/b/qyK4c2RQ","prefs":{"permissionLevel":"private","hideVotes":false,"voting":"disabled","comments":"members","invitations":"members","selfJoin":true,"cardCovers":true,"isTemplate":false,"cardAging":"regular","calendarFeedEnabled":false,"isPluginHeaderShortcutsEnabled":false,"enabledPluginBoardButtons":[],"background":"blue","backgroundImage":null,"backgroundImageScaled":null,"backgroundTile":false,"backgroundBrightness":"dark","backgroundColor":"#0079BF","backgroundBottomColor":"#0079BF","backgroundTopColor":"#0079BF","canBePublic":true,"canBeEnterprise":true,"canBeOrg":true,"canBePrivate":true,"canInvite":true},"labelNames":{"green":"","yellow":"","orange":"","red":"","purple":"","blue":"","sky":"","lime":"","pink":"","black":""},"limits":{}}
this is id 61a7193bdfc5b271b9f250b8
                                              
Board created succesfully !
]]></system-out>
  </testcase>
  <testcase name="getBoard" classname="Restassured.Trello_Testing" time="0.891">
    <system-out><![CDATA[                                              
This is get board response io.restassured.path.json.JsonPath@da32dc
]]></system-out>
  </testcase>
  <testcase name="deleteBoard" classname="Restassured.Trello_Testing" time="1.092">
    <system-out><![CDATA[                                              
Board deleted succesfully !
]]></system-out>
  </testcase>
  <testcase name="login" classname="Restassured.E_commerce" time="4.997">
    <system-out><![CDATA[eyJhbGciOiJIUzI1NiIsInR5cCI6IkpXVCJ9.eyJfaWQiOiI2MWE1ZDAzMjg3ZDY5OTAwMTczZmZmMmYiLCJpYXQiOjE2MzgzNDA5MzAsImV4cCI6MTYzODQyNzMzMH0.py0aiaifd2NBW0mXSpb9fTCUn85MqUpje5c6islQNLI
]]></system-out>
  </testcase>
  <testcase name="getusers" classname="Restassured.E_commerce" time="3.125">
    <system-out><![CDATA[610a144e95aeef0017a16cbc
]]></system-out>
  </testcase>
  <testcase name="delete" classname="Restassured.E_commerce" time="1.799">
    <system-out><![CDATA[User deleted
]]></system-out>
  </testcase>
</testsuite>